
Circuit 1 cell sky130_fd_pr__nfet_01v8 and Circuit 2 cell sky130_fd_pr__nfet_01v8 are black boxes.
Warning: Equate pins:  cell sky130_fd_pr__nfet_01v8 is a placeholder, treated as a black box.
Warning: Equate pins:  cell sky130_fd_pr__nfet_01v8 is a placeholder, treated as a black box.

Subcircuit pins:
Circuit 1: sky130_fd_pr__nfet_01v8         |Circuit 2: sky130_fd_pr__nfet_01v8         
-------------------------------------------|-------------------------------------------
1                                          |1                                          
2                                          |2                                          
3                                          |3                                          
4                                          |4                                          
---------------------------------------------------------------------------------------
Cell pin lists are equivalent.
Device classes sky130_fd_pr__nfet_01v8 and sky130_fd_pr__nfet_01v8 are equivalent.

Circuit 1 cell sky130_fd_pr__pfet_01v8 and Circuit 2 cell sky130_fd_pr__pfet_01v8 are black boxes.
Warning: Equate pins:  cell sky130_fd_pr__pfet_01v8 is a placeholder, treated as a black box.
Warning: Equate pins:  cell sky130_fd_pr__pfet_01v8 is a placeholder, treated as a black box.

Subcircuit pins:
Circuit 1: sky130_fd_pr__pfet_01v8         |Circuit 2: sky130_fd_pr__pfet_01v8         
-------------------------------------------|-------------------------------------------
1                                          |1                                          
2                                          |2                                          
3                                          |3                                          
4                                          |4                                          
---------------------------------------------------------------------------------------
Cell pin lists are equivalent.
Device classes sky130_fd_pr__pfet_01v8 and sky130_fd_pr__pfet_01v8 are equivalent.
Flattening unmatched subcell sky130_fd_pr__nfet_01v8_YYNGNX in circuit nmos_diff (0)(1 instance)
Flattening unmatched subcell sky130_fd_pr__nfet_01v8_6H9P4D in circuit nmos_diff (0)(4 instances)

Class nmos_diff (0):  Merged 8 parallel devices.
Subcircuit summary:
Circuit 1: nmos_diff                       |Circuit 2: nmos_diff                       
-------------------------------------------|-------------------------------------------
sky130_fd_pr__nfet_01v8 (12->4)            |sky130_fd_pr__nfet_01v8 (12->4)            
Number of devices: 4                       |Number of devices: 4                       
Number of nets: 3                          |Number of nets: 3                          
---------------------------------------------------------------------------------------
Netlists match uniquely.

Subcircuit pins:
Circuit 1: nmos_diff                       |Circuit 2: nmos_diff                       
-------------------------------------------|-------------------------------------------
D9                                         |D9                                         
D8                                         |D8                                         
gnd                                        |gnd                                        
---------------------------------------------------------------------------------------
Cell pin lists are equivalent.
Device classes nmos_diff and nmos_diff are equivalent.
Flattening unmatched subcell sky130_fd_pr__pfet_01v8_2ZH9AN in circuit pmoscs (0)(8 instances)
Flattening unmatched subcell sky130_fd_pr__pfet_01v8_SDE6B7 in circuit pmoscs (0)(4 instances)

Class pmoscs (0):  Merged 9 parallel devices.
Class pmoscs (1):  Merged 1 parallel devices.
Subcircuit summary:
Circuit 1: pmoscs                          |Circuit 2: pmoscs                          
-------------------------------------------|-------------------------------------------
sky130_fd_pr__pfet_01v8 (16->7)            |sky130_fd_pr__pfet_01v8 (16->7)            
Number of devices: 7                       |Number of devices: 7                       
Number of nets: 4                          |Number of nets: 4                          
---------------------------------------------------------------------------------------
Resolving symmetries by property value.
Resolving symmetries by pin name.
Netlists match uniquely.

Subcircuit pins:
Circuit 1: pmoscs                          |Circuit 2: pmoscs                          
-------------------------------------------|-------------------------------------------
D1                                         |D1                                         
D5                                         |D5                                         
VDD                                        |vdd                                        
D2                                         |D2                                         
---------------------------------------------------------------------------------------
Cell pin lists are equivalent.
Device classes pmoscs and pmoscs are equivalent.
Flattening unmatched subcell sky130_fd_pr__pfet_01v8_LA8JHL in circuit pmos_diff (0)(2 instances)
Flattening unmatched subcell sky130_fd_pr__pfet_01v8_MA8JHN in circuit pmos_diff (0)(2 instances)
Flattening unmatched subcell sky130_fd_pr__pfet_01v8_BHRSS5 in circuit pmos_diff (0)(8 instances)

Class pmos_diff (0):  Merged 8 parallel devices.
Subcircuit summary:
Circuit 1: pmos_diff                       |Circuit 2: pmos_diff                       
-------------------------------------------|-------------------------------------------
sky130_fd_pr__pfet_01v8 (12->4)            |sky130_fd_pr__pfet_01v8 (16->4)            
Number of devices: 4                       |Number of devices: 4                       
Number of nets: 6                          |Number of nets: 6                          
---------------------------------------------------------------------------------------
Resolving symmetries by property value.
Resolving symmetries by pin name.
Netlists match uniquely with property errors.
sky130_fd_pr__pfet_01v8_MA8JHN_0/sky130_fd_pr__pfet_01v8:0 vs. sky130_fd_pr__pfet_01v8:M1:
 w circuit1: 2   circuit2: 4   (delta=66.7%, cutoff=1%)
sky130_fd_pr__pfet_01v8_LA8JHL_0/sky130_fd_pr__pfet_01v8:0 vs. sky130_fd_pr__pfet_01v8:M2:
 w circuit1: 2   circuit2: 4   (delta=66.7%, cutoff=1%)

Subcircuit pins:
Circuit 1: pmos_diff                       |Circuit 2: pmos_diff                       
-------------------------------------------|-------------------------------------------
S                                          |S                                          
vip                                        |vip                                        
vin                                        |vin                                        
vdd                                        |vdd                                        
D6                                         |D6                                         
D7                                         |D7                                         
---------------------------------------------------------------------------------------
Cell pin lists are equivalent.
Device classes pmos_diff and pmos_diff are equivalent.
Flattening unmatched subcell sky130_fd_pr__nfet_01v8_46AAJJ in circuit nmoscs (0)(4 instances)
Flattening unmatched subcell sky130_fd_pr__nfet_01v8_TCR5KT in circuit nmoscs (0)(2 instances)
Flattening unmatched subcell sky130_fd_pr__nfet_01v8_SCJFGL in circuit nmoscs (0)(2 instances)

Class nmoscs (0):  Merged 4 parallel devices.
Subcircuit summary:
Circuit 1: nmoscs                          |Circuit 2: nmoscs                          
-------------------------------------------|-------------------------------------------
sky130_fd_pr__nfet_01v8 (8->4)             |sky130_fd_pr__nfet_01v8 (8->4)             
Number of devices: 4                       |Number of devices: 4                       
Number of nets: 4                          |Number of nets: 4                          
---------------------------------------------------------------------------------------
Netlists match uniquely with property errors.
sky130_fd_pr__nfet_01v8_TCR5KT_0/sky130_fd_pr__nfet_01v8:0 vs. sky130_fd_pr__nfet_01v8:M1:
 l circuit1: 0.15   circuit2: 1.5e-07   (delta=200%, cutoff=1%)
 w circuit1: 2   circuit2: 2e-06   (delta=200%, cutoff=1%)
sky130_fd_pr__nfet_01v8_TCR5KT_1/sky130_fd_pr__nfet_01v8:0 vs. sky130_fd_pr__nfet_01v8:M2:
 l circuit1: 0.15   circuit2: 1.5e-07   (delta=200%, cutoff=1%)
 w circuit1: 2   circuit2: 2e-06   (delta=200%, cutoff=1%)

Subcircuit pins:
Circuit 1: nmoscs                          |Circuit 2: nmoscs                          
-------------------------------------------|-------------------------------------------
rs                                         |RS                                         
D4                                         |D4                                         
D3                                         |D3                                         
gnd                                        |gnd                                        
---------------------------------------------------------------------------------------
Cell pin lists are equivalent.
Device classes nmoscs and nmoscs are equivalent.

Subcircuit summary:
Circuit 1: op_amp                          |Circuit 2: op_amp                          
-------------------------------------------|-------------------------------------------
nmos_diff (1)                              |nmos_diff (1)                              
pmoscs (1)                                 |pmoscs (1)                                 
pmos_diff (1)                              |pmos_diff (1)                              
nmoscs (1)                                 |nmoscs (1)                                 
Number of devices: 4                       |Number of devices: 4                       
Number of nets: 10                         |Number of nets: 10                         
---------------------------------------------------------------------------------------
Netlists match uniquely.

Subcircuit pins:
Circuit 1: op_amp                          |Circuit 2: op_amp                          
-------------------------------------------|-------------------------------------------
vin                                        |vin                                        
vip                                        |vip                                        
RS                                         |RS                                         
vdd                                        |vdd                                        
out                                        |out                                        
gnd                                        |gnd                                        
---------------------------------------------------------------------------------------
Cell pin lists are equivalent.
Device classes op_amp and op_amp are equivalent.

Final result: Circuits match uniquely.
.

The following cells had property errors:
 pmos_diff
 nmoscs
