
Circuit 1 cell sky130_fd_pr__pfet_01v8 and Circuit 2 cell sky130_fd_pr__pfet_01v8 are black boxes.
Warning: Equate pins:  cell sky130_fd_pr__pfet_01v8 is a placeholder, treated as a black box.
Warning: Equate pins:  cell sky130_fd_pr__pfet_01v8 is a placeholder, treated as a black box.

Subcircuit pins:
Circuit 1: sky130_fd_pr__pfet_01v8         |Circuit 2: sky130_fd_pr__pfet_01v8         
-------------------------------------------|-------------------------------------------
1                                          |1                                          
2                                          |2                                          
3                                          |3                                          
4                                          |4                                          
---------------------------------------------------------------------------------------
Cell pin lists are equivalent.
Device classes sky130_fd_pr__pfet_01v8 and sky130_fd_pr__pfet_01v8 are equivalent.
Flattening unmatched subcell sky130_fd_pr__pfet_01v8_LA8JHL in circuit pmos_diff (0)(2 instances)
Flattening unmatched subcell sky130_fd_pr__pfet_01v8_MA8JHN in circuit pmos_diff (0)(2 instances)
Flattening unmatched subcell sky130_fd_pr__pfet_01v8_BHRSS5 in circuit pmos_diff (0)(8 instances)

Class pmos_diff (0):  Merged 8 parallel devices.
Subcircuit summary:
Circuit 1: pmos_diff                       |Circuit 2: pmos_diff                       
-------------------------------------------|-------------------------------------------
sky130_fd_pr__pfet_01v8 (12->4)            |sky130_fd_pr__pfet_01v8 (16->4)            
Number of devices: 4                       |Number of devices: 4                       
Number of nets: 6                          |Number of nets: 6                          
---------------------------------------------------------------------------------------
Resolving symmetries by property value.
Resolving symmetries by pin name.
Netlists match uniquely with property errors.
sky130_fd_pr__pfet_01v8_MA8JHN_0/sky130_fd_pr__pfet_01v8:0 vs. sky130_fd_pr__pfet_01v8:M1:
 w circuit1: 2   circuit2: 4   (delta=66.7%, cutoff=1%)
sky130_fd_pr__pfet_01v8_LA8JHL_0/sky130_fd_pr__pfet_01v8:0 vs. sky130_fd_pr__pfet_01v8:M2:
 w circuit1: 2   circuit2: 4   (delta=66.7%, cutoff=1%)

Subcircuit pins:
Circuit 1: pmos_diff                       |Circuit 2: pmos_diff                       
-------------------------------------------|-------------------------------------------
S                                          |S                                          
vip                                        |vip                                        
vin                                        |vin                                        
vdd                                        |vdd                                        
D6                                         |D6                                         
D7                                         |D7                                         
---------------------------------------------------------------------------------------
Cell pin lists are equivalent.
Device classes pmos_diff and pmos_diff are equivalent.

Final result: Circuits match uniquely.
Property errors were found.

The following cells had property errors:
 pmos_diff
